{
  "0 info pnpm:global": "Nothing to stop. No server is running for the store at C:\\Users\\andrewliang\\AppData\\Local\\pnpm\\store\\v3",
  "1 debug pnpm:scope": {
    "selected": 1
  },
  "2 debug pnpm:package-manifest": {
    "initial": {
      "dependencies": {
        "turbo": "^1.10.12"
      }
    },
    "prefix": "C:\\Users\\andrewliang\\AppData\\Local\\pnpm\\global\\5"
  },
  "3 debug pnpm:context": {
    "currentLockfileExists": true,
    "storeDir": "C:\\Users\\andrewliang\\AppData\\Local\\pnpm\\store\\v3",
    "virtualStoreDir": "C:\\Users\\andrewliang\\AppData\\Local\\pnpm\\global\\5\\.pnpm"
  },
  "4 debug pnpm:stage": {
    "prefix": "C:\\Users\\andrewliang\\AppData\\Local\\pnpm\\global\\5",
    "stage": "resolution_started"
  },
  "5 debug pnpm:request-retry": {
    "attempt": 1,
    "error": {
      "code": "ERR_INVALID_THIS"
    },
    "maxRetries": 2,
    "method": "GET",
    "timeout": 10000,
    "url": "https://registry.npmjs.org/pnpm"
  },
  "6 debug pnpm:_dependency_resolved": {
    "resolution": "registry.npmjs.org/turbo/1.10.12",
    "wanted": {
      "dependentId": ".",
      "name": "turbo",
      "rawSpec": "^1.10.12"
    }
  },
  "7 debug pnpm:progress": {
    "packageId": "registry.npmjs.org/turbo/1.10.12",
    "requester": "C:\\Users\\andrewliang\\AppData\\Local\\pnpm\\global\\5",
    "status": "found_in_store"
  },
  "8 debug pnpm:progress": {
    "packageId": "registry.npmjs.org/turbo/1.10.12",
    "requester": "C:\\Users\\andrewliang\\AppData\\Local\\pnpm\\global\\5",
    "status": "resolved"
  },
  "9 debug pnpm:request-retry": {
    "attempt": 2,
    "error": {
      "code": "ERR_INVALID_THIS"
    },
    "maxRetries": 2,
    "method": "GET",
    "timeout": 60000,
    "url": "https://registry.npmjs.org/pnpm"
  },
  "10 error pnpm": {
    "code": "ERR_PNPM_META_FETCH_FAIL",
    "attempts": 1,
    "spec": {
      "fetchSpec": "latest",
      "name": "pnpm",
      "type": "tag"
    },
    "err": {
      "name": "Error",
      "message": "GET https://registry.npmjs.org/pnpm: Value of \"this\" must be of type URLSearchParams",
      "code": "ERR_PNPM_META_FETCH_FAIL",
      "stack": "Error: GET https://registry.npmjs.org/pnpm: Value of \"this\" must be of type URLSearchParams\n    at RetryOperation._fn (C:\\Users\\andrewliang\\AppData\\Roaming\\npm\\node_modules\\pnpm\\dist\\pnpm.cjs:85610:19)"
    }
  },
  "11 debug pnpm": "Using cached meta from C:\\Users\\andrewliang\\AppData\\Local\\pnpm-cache\\metadata\\registry.npmjs.org\\pnpm.json",
  "12 debug pnpm:_dependency_resolved": {
    "resolution": "registry.npmjs.org/pnpm/8.11.0",
    "wanted": {
      "dependentId": ".",
      "name": "pnpm",
      "rawSpec": "latest"
    }
  },
  "13 debug pnpm:progress": {
    "packageId": "registry.npmjs.org/pnpm/8.11.0",
    "requester": "C:\\Users\\andrewliang\\AppData\\Local\\pnpm\\global\\5",
    "status": "resolved"
  },
  "14 debug pnpm:request-retry": {
    "attempt": 1,
    "error": {
      "code": "ERR_INVALID_THIS",
      "attempts": 1,
      "resource": "https://registry.npmjs.org/pnpm/-/pnpm-8.11.0.tgz"
    },
    "maxRetries": 2,
    "method": "GET",
    "timeout": 10000,
    "url": "https://registry.npmjs.org/pnpm/-/pnpm-8.11.0.tgz"
  },
  "15 warn pnpm:install-check": {
    "message": "Unsupported platform for registry.npmjs.org/turbo-darwin-64/1.10.12: wanted {\"cpu\":[\"x64\"],\"os\":[\"darwin\"],\"libc\":[\"any\"]} (current: {\"os\":\"win32\",\"cpu\":\"x64\",\"libc\":\"unknown\"})",
    "prefix": "C:\\Users\\andrewliang\\AppData\\Local\\pnpm\\global\\5"
  },
  "16 debug pnpm:skipped-optional-dependency": {
    "details": "Error: Unsupported platform for registry.npmjs.org/turbo-darwin-64/1.10.12: wanted {\"cpu\":[\"x64\"],\"os\":[\"darwin\"],\"libc\":[\"any\"]} (current: {\"os\":\"win32\",\"cpu\":\"x64\",\"libc\":\"unknown\"})",
    "package": {
      "id": "registry.npmjs.org/turbo-darwin-64/1.10.12",
      "name": "turbo-darwin-64",
      "version": "1.10.12"
    },
    "prefix": "C:\\Users\\andrewliang\\AppData\\Local\\pnpm\\global\\5",
    "reason": "unsupported_platform"
  },
  "17 debug pnpm:_dependency_resolved": {
    "resolution": "registry.npmjs.org/turbo-darwin-64/1.10.12",
    "wanted": {
      "dependentId": "/turbo/1.10.12",
      "name": "turbo-darwin-64",
      "rawSpec": "1.10.12"
    }
  },
  "18 debug pnpm:progress": {
    "packageId": "registry.npmjs.org/turbo-darwin-64/1.10.12",
    "requester": "C:\\Users\\andrewliang\\AppData\\Local\\pnpm\\global\\5",
    "status": "resolved"
  },
  "19 warn pnpm:install-check": {
    "message": "Unsupported platform for registry.npmjs.org/turbo-linux-arm64/1.10.12: wanted {\"cpu\":[\"arm64\"],\"os\":[\"linux\"],\"libc\":[\"any\"]} (current: {\"os\":\"win32\",\"cpu\":\"x64\",\"libc\":\"unknown\"})",
    "prefix": "C:\\Users\\andrewliang\\AppData\\Local\\pnpm\\global\\5"
  },
  "20 debug pnpm:skipped-optional-dependency": {
    "details": "Error: Unsupported platform for registry.npmjs.org/turbo-linux-arm64/1.10.12: wanted {\"cpu\":[\"arm64\"],\"os\":[\"linux\"],\"libc\":[\"any\"]} (current: {\"os\":\"win32\",\"cpu\":\"x64\",\"libc\":\"unknown\"})",
    "package": {
      "id": "registry.npmjs.org/turbo-linux-arm64/1.10.12",
      "name": "turbo-linux-arm64",
      "version": "1.10.12"
    },
    "prefix": "C:\\Users\\andrewliang\\AppData\\Local\\pnpm\\global\\5",
    "reason": "unsupported_platform"
  },
  "21 debug pnpm:_dependency_resolved": {
    "resolution": "registry.npmjs.org/turbo-linux-arm64/1.10.12",
    "wanted": {
      "dependentId": "/turbo/1.10.12",
      "name": "turbo-linux-arm64",
      "rawSpec": "1.10.12"
    }
  },
  "22 debug pnpm:progress": {
    "packageId": "registry.npmjs.org/turbo-linux-arm64/1.10.12",
    "requester": "C:\\Users\\andrewliang\\AppData\\Local\\pnpm\\global\\5",
    "status": "resolved"
  },
  "23 warn pnpm:install-check": {
    "message": "Unsupported platform for registry.npmjs.org/turbo-darwin-arm64/1.10.12: wanted {\"cpu\":[\"arm64\"],\"os\":[\"darwin\"],\"libc\":[\"any\"]} (current: {\"os\":\"win32\",\"cpu\":\"x64\",\"libc\":\"unknown\"})",
    "prefix": "C:\\Users\\andrewliang\\AppData\\Local\\pnpm\\global\\5"
  },
  "24 debug pnpm:skipped-optional-dependency": {
    "details": "Error: Unsupported platform for registry.npmjs.org/turbo-darwin-arm64/1.10.12: wanted {\"cpu\":[\"arm64\"],\"os\":[\"darwin\"],\"libc\":[\"any\"]} (current: {\"os\":\"win32\",\"cpu\":\"x64\",\"libc\":\"unknown\"})",
    "package": {
      "id": "registry.npmjs.org/turbo-darwin-arm64/1.10.12",
      "name": "turbo-darwin-arm64",
      "version": "1.10.12"
    },
    "prefix": "C:\\Users\\andrewliang\\AppData\\Local\\pnpm\\global\\5",
    "reason": "unsupported_platform"
  },
  "25 debug pnpm:_dependency_resolved": {
    "resolution": "registry.npmjs.org/turbo-darwin-arm64/1.10.12",
    "wanted": {
      "dependentId": "/turbo/1.10.12",
      "name": "turbo-darwin-arm64",
      "rawSpec": "1.10.12"
    }
  },
  "26 debug pnpm:progress": {
    "packageId": "registry.npmjs.org/turbo-darwin-arm64/1.10.12",
    "requester": "C:\\Users\\andrewliang\\AppData\\Local\\pnpm\\global\\5",
    "status": "resolved"
  },
  "27 warn pnpm:install-check": {
    "message": "Unsupported platform for registry.npmjs.org/turbo-linux-64/1.10.12: wanted {\"cpu\":[\"x64\"],\"os\":[\"linux\"],\"libc\":[\"any\"]} (current: {\"os\":\"win32\",\"cpu\":\"x64\",\"libc\":\"unknown\"})",
    "prefix": "C:\\Users\\andrewliang\\AppData\\Local\\pnpm\\global\\5"
  },
  "28 debug pnpm:skipped-optional-dependency": {
    "details": "Error: Unsupported platform for registry.npmjs.org/turbo-linux-64/1.10.12: wanted {\"cpu\":[\"x64\"],\"os\":[\"linux\"],\"libc\":[\"any\"]} (current: {\"os\":\"win32\",\"cpu\":\"x64\",\"libc\":\"unknown\"})",
    "package": {
      "id": "registry.npmjs.org/turbo-linux-64/1.10.12",
      "name": "turbo-linux-64",
      "version": "1.10.12"
    },
    "prefix": "C:\\Users\\andrewliang\\AppData\\Local\\pnpm\\global\\5",
    "reason": "unsupported_platform"
  },
  "29 debug pnpm:_dependency_resolved": {
    "resolution": "registry.npmjs.org/turbo-linux-64/1.10.12",
    "wanted": {
      "dependentId": "/turbo/1.10.12",
      "name": "turbo-linux-64",
      "rawSpec": "1.10.12"
    }
  },
  "30 debug pnpm:progress": {
    "packageId": "registry.npmjs.org/turbo-linux-64/1.10.12",
    "requester": "C:\\Users\\andrewliang\\AppData\\Local\\pnpm\\global\\5",
    "status": "resolved"
  },
  "31 warn pnpm:install-check": {
    "message": "Unsupported platform for registry.npmjs.org/turbo-windows-arm64/1.10.12: wanted {\"cpu\":[\"arm64\"],\"os\":[\"win32\"],\"libc\":[\"any\"]} (current: {\"os\":\"win32\",\"cpu\":\"x64\",\"libc\":\"unknown\"})",
    "prefix": "C:\\Users\\andrewliang\\AppData\\Local\\pnpm\\global\\5"
  },
  "32 debug pnpm:skipped-optional-dependency": {
    "details": "Error: Unsupported platform for registry.npmjs.org/turbo-windows-arm64/1.10.12: wanted {\"cpu\":[\"arm64\"],\"os\":[\"win32\"],\"libc\":[\"any\"]} (current: {\"os\":\"win32\",\"cpu\":\"x64\",\"libc\":\"unknown\"})",
    "package": {
      "id": "registry.npmjs.org/turbo-windows-arm64/1.10.12",
      "name": "turbo-windows-arm64",
      "version": "1.10.12"
    },
    "prefix": "C:\\Users\\andrewliang\\AppData\\Local\\pnpm\\global\\5",
    "reason": "unsupported_platform"
  },
  "33 debug pnpm:_dependency_resolved": {
    "resolution": "registry.npmjs.org/turbo-windows-arm64/1.10.12",
    "wanted": {
      "dependentId": "/turbo/1.10.12",
      "name": "turbo-windows-arm64",
      "rawSpec": "1.10.12"
    }
  },
  "34 debug pnpm:progress": {
    "packageId": "registry.npmjs.org/turbo-windows-arm64/1.10.12",
    "requester": "C:\\Users\\andrewliang\\AppData\\Local\\pnpm\\global\\5",
    "status": "resolved"
  },
  "35 debug pnpm:_dependency_resolved": {
    "resolution": "registry.npmjs.org/turbo-windows-64/1.10.12",
    "wanted": {
      "dependentId": "/turbo/1.10.12",
      "name": "turbo-windows-64",
      "rawSpec": "1.10.12"
    }
  },
  "36 debug pnpm:progress": {
    "packageId": "registry.npmjs.org/turbo-windows-64/1.10.12",
    "requester": "C:\\Users\\andrewliang\\AppData\\Local\\pnpm\\global\\5",
    "status": "resolved"
  },
  "37 debug pnpm:package-manifest": {
    "prefix": "C:\\Users\\andrewliang\\AppData\\Local\\pnpm\\global\\5",
    "updated": {
      "dependencies": {
        "turbo": "^1.10.12",
        "pnpm": "^8.11.0"
      }
    }
  },
  "38 debug pnpm:package-manifest": {
    "prefix": "C:\\Users\\andrewliang\\AppData\\Local\\pnpm\\global\\5",
    "updated": {
      "dependencies": {
        "turbo": "^1.10.12",
        "pnpm": "^8.11.0"
      }
    }
  },
  "39 debug pnpm:stage": {
    "prefix": "C:\\Users\\andrewliang\\AppData\\Local\\pnpm\\global\\5",
    "stage": "resolution_done"
  },
  "40 debug pnpm:stats": {
    "prefix": "C:\\Users\\andrewliang\\AppData\\Local\\pnpm\\global\\5",
    "removed": 0
  },
  "41 debug pnpm:removal": "C:\\Users\\andrewliang\\AppData\\Local\\pnpm\\global\\5\\.pnpm\\lock.yaml",
  "42 debug pnpm:removal": "C:\\Users\\andrewliang\\AppData\\Local\\pnpm\\global\\5\\.pnpm\\node_modules",
  "43 debug pnpm:stage": {
    "prefix": "C:\\Users\\andrewliang\\AppData\\Local\\pnpm\\global\\5",
    "stage": "importing_started"
  },
  "44 debug pnpm:stats": {
    "added": 1,
    "prefix": "C:\\Users\\andrewliang\\AppData\\Local\\pnpm\\global\\5"
  },
  "45 debug pnpm:progress": {
    "packageId": "registry.npmjs.org/turbo-windows-64/1.10.12",
    "requester": "C:\\Users\\andrewliang\\AppData\\Local\\pnpm\\global\\5",
    "status": "found_in_store"
  },
  "46 debug pnpm:request-retry": {
    "attempt": 2,
    "error": {
      "code": "ERR_INVALID_THIS",
      "attempts": 2,
      "resource": "https://registry.npmjs.org/pnpm/-/pnpm-8.11.0.tgz"
    },
    "maxRetries": 2,
    "method": "GET",
    "timeout": 60000,
    "url": "https://registry.npmjs.org/pnpm/-/pnpm-8.11.0.tgz"
  },
  "47 warn pnpm:package-requester": {
    "message": "Fetching registry.npmjs.org/pnpm/8.11.0 failed!",
    "prefix": "C:\\Users\\andrewliang\\AppData\\Local\\pnpm\\global\\5"
  },
  "48 error pnpm": {
    "code": "ERR_INVALID_THIS",
    "attempts": 3,
    "resource": "https://registry.npmjs.org/pnpm/-/pnpm-8.11.0.tgz",
    "err": {
      "name": "pnpm",
      "message": "Value of \"this\" must be of type URLSearchParams",
      "code": "ERR_INVALID_THIS",
      "stack": "pnpm [ERR_INVALID_THIS]: Value of \"this\" must be of type URLSearchParams\n    at Proxy.getAll (node:internal/url:527:13)\n    at Proxy.<anonymous> (C:\\Users\\andrewliang\\AppData\\Roaming\\npm\\node_modules\\pnpm\\dist\\pnpm.cjs:52585:55)\n    at C:\\Users\\andrewliang\\AppData\\Roaming\\npm\\node_modules\\pnpm\\dist\\pnpm.cjs:52635:31\n    at Array.reduce (<anonymous>)\n    at Proxy.raw (C:\\Users\\andrewliang\\AppData\\Roaming\\npm\\node_modules\\pnpm\\dist\\pnpm.cjs:52634:33)\n    at new Headers (C:\\Users\\andrewliang\\AppData\\Roaming\\npm\\node_modules\\pnpm\\dist\\pnpm.cjs:52535:28)\n    at getNodeRequestOptions (C:\\Users\\andrewliang\\AppData\\Roaming\\npm\\node_modules\\pnpm\\dist\\pnpm.cjs:52842:23)\n    at C:\\Users\\andrewliang\\AppData\\Roaming\\npm\\node_modules\\pnpm\\dist\\pnpm.cjs:52899:25\n    at new Promise (<anonymous>)\n    at fetch (C:\\Users\\andrewliang\\AppData\\Roaming\\npm\\node_modules\\pnpm\\dist\\pnpm.cjs:52897:14)"
    }
  }
}